[    0.000000] Linux version 4.15.0-135-generic (buildd@lgw01-amd64-005) (gcc version 7.5.0 (Ubuntu 7.5.0-3ubuntu1~18.04)) #139-Ubuntu SMP Mon Jan 18 17:38:24 UTC 2021 (Ubuntu 4.15.0-135.139-generic 4.15.18)
[    0.000000] Command line: BOOT_IMAGE=/boot/vmlinuz-4.15.0-135-generic root=LABEL=cloudimg-rootfs ro console=tty1 console=ttyS0
[    0.000000] KERNEL supported cpus:
[    0.000000]   Intel GenuineIntel
[    0.000000]   AMD AuthenticAMD
[    0.000000]   Centaur CentaurHauls
[    0.000000] [Firmware Bug]: TSC doesn't count with P0 frequency!
[    0.000000] random: get_random_u32 called from bsp_init_amd+0x207/0x2c0 with crng_init=0
[    0.000000] x86/fpu: Supporting XSAVE feature 0x001: 'x87 floating point registers'
[    0.000000] x86/fpu: Supporting XSAVE feature 0x002: 'SSE registers'
[    0.000000] x86/fpu: Supporting XSAVE feature 0x004: 'AVX registers'
[    0.000000] x86/fpu: xstate_offset[2]:  576, xstate_sizes[2]:  256
[    0.000000] x86/fpu: Enabled xstate features 0x7, context size is 832 bytes, using 'standard' format.
[    0.000000] e820: BIOS-provided physical RAM map:
[    0.000000] BIOS-e820: [mem 0x0000000000000000-0x000000000009fbff] usable
[    0.000000] BIOS-e820: [mem 0x000000000009fc00-0x000000000009ffff] reserved
[    0.000000] BIOS-e820: [mem 0x00000000000f0000-0x00000000000fffff] reserved
[    0.000000] BIOS-e820: [mem 0x0000000000100000-0x000000003ffeffff] usable
[    0.000000] BIOS-e820: [mem 0x000000003fff0000-0x000000003fffffff] ACPI data
[    0.000000] BIOS-e820: [mem 0x00000000fec00000-0x00000000fec00fff] reserved
[    0.000000] BIOS-e820: [mem 0x00000000fee00000-0x00000000fee00fff] reserved
[    0.000000] BIOS-e820: [mem 0x00000000fffc0000-0x00000000ffffffff] reserved
[    0.000000] NX (Execute Disable) protection: active
[    0.000000] SMBIOS 2.5 present.
[    0.000000] DMI: innotek GmbH VirtualBox/VirtualBox, BIOS VirtualBox 12/01/2006
[    0.000000] Hypervisor detected: KVM
[    0.000000] e820: last_pfn = 0x3fff0 max_arch_pfn = 0x400000000
[    0.000000] MTRR: Disabled
[    0.000000] x86/PAT: MTRRs disabled, skipping PAT initialization too.
[    0.000000] CPU MTRRs all blank - virtualized system.
[    0.000000] x86/PAT: Configuration [0-7]: WB  WT  UC- UC  WB  WT  UC- UC  
[    0.000000] found SMP MP-table at [mem 0x0009fff0-0x0009ffff]
[    0.000000] Scanning 1 areas for low memory corruption
[    0.000000] RAMDISK: [mem 0x35a63000-0x36d28fff]
[    0.000000] ACPI: Early table checksum verification disabled
[    0.000000] ACPI: RSDP 0x00000000000E0000 000024 (v02 VBOX  )
[    0.000000] ACPI: XSDT 0x000000003FFF0030 00003C (v01 VBOX   VBOXXSDT 00000001 ASL  00000061)
[    0.000000] ACPI: FACP 0x000000003FFF00F0 0000F4 (v04 VBOX   VBOXFACP 00000001 ASL  00000061)
[    0.000000] ACPI: DSDT 0x000000003FFF0470 002325 (v02 VBOX   VBOXBIOS 00000002 INTL 20190509)
[    0.000000] ACPI: FACS 0x000000003FFF0200 000040
[    0.000000] ACPI: FACS 0x000000003FFF0200 000040
[    0.000000] ACPI: APIC 0x000000003FFF0240 00005C (v02 VBOX   VBOXAPIC 00000001 ASL  00000061)
[    0.000000] ACPI: SSDT 0x000000003FFF02A0 0001CC (v01 VBOX   VBOXCPUT 00000002 INTL 20190509)
[    0.000000] No NUMA configuration found
[    0.000000] Faking a node at [mem 0x0000000000000000-0x000000003ffeffff]
[    0.000000] NODE_DATA(0) allocated [mem 0x3ffc5000-0x3ffeffff]
[    0.000000] kvm-clock: cpu 0, msr 0:3ff44001, primary cpu clock
[    0.000000] kvm-clock: Using msrs 4b564d01 and 4b564d00
[    0.000000] kvm-clock: using sched offset of 4551255670 cycles
[    0.000000] clocksource: kvm-clock: mask: 0xffffffffffffffff max_cycles: 0x1cd42e4dffb, max_idle_ns: 881590591483 ns
[    0.000000] Zone ranges:
[    0.000000]   DMA      [mem 0x0000000000001000-0x0000000000ffffff]
[    0.000000]   DMA32    [mem 0x0000000001000000-0x000000003ffeffff]
[    0.000000]   Normal   empty
[    0.000000]   Device   empty
[    0.000000] Movable zone start for each node
[    0.000000] Early memory node ranges
[    0.000000]   node   0: [mem 0x0000000000001000-0x000000000009efff]
[    0.000000]   node   0: [mem 0x0000000000100000-0x000000003ffeffff]
[    0.000000] Reserved but unavailable: 98 pages
[    0.000000] Initmem setup node 0 [mem 0x0000000000001000-0x000000003ffeffff]
[    0.000000] ACPI: PM-Timer IO Port: 0x4008
[    0.000000] IOAPIC[0]: apic_id 2, version 32, address 0xfec00000, GSI 0-23
[    0.000000] ACPI: INT_SRC_OVR (bus 0 bus_irq 0 global_irq 2 dfl dfl)
[    0.000000] ACPI: INT_SRC_OVR (bus 0 bus_irq 9 global_irq 9 low level)
[    0.000000] Using ACPI (MADT) for SMP configuration information
[    0.000000] smpboot: Allowing 2 CPUs, 0 hotplug CPUs
[    0.000000] PM: Registered nosave memory: [mem 0x00000000-0x00000fff]
[    0.000000] PM: Registered nosave memory: [mem 0x0009f000-0x0009ffff]
[    0.000000] PM: Registered nosave memory: [mem 0x000a0000-0x000effff]
[    0.000000] PM: Registered nosave memory: [mem 0x000f0000-0x000fffff]
[    0.000000] e820: [mem 0x40000000-0xfebfffff] available for PCI devices
[    0.000000] Booting paravirtualized kernel on KVM
[    0.000000] clocksource: refined-jiffies: mask: 0xffffffff max_cycles: 0xffffffff, max_idle_ns: 7645519600211568 ns
[    0.000000] setup_percpu: NR_CPUS:8192 nr_cpumask_bits:2 nr_cpu_ids:2 nr_node_ids:1
[    0.000000] percpu: Embedded 45 pages/cpu s147456 r8192 d28672 u1048576
[    0.000000] PV qspinlock hash table entries: 256 (order: 0, 4096 bytes)
[    0.000000] Built 1 zonelists, mobility grouping on.  Total pages: 257913
[    0.000000] Policy zone: DMA32
[    0.000000] Kernel command line: BOOT_IMAGE=/boot/vmlinuz-4.15.0-135-generic root=LABEL=cloudimg-rootfs ro console=tty1 console=ttyS0
[    0.000000] Memory: 983020K/1048120K available (12300K kernel code, 2482K rwdata, 4276K rodata, 2440K init, 2724K bss, 65100K reserved, 0K cma-reserved)
[    0.000000] SLUB: HWalign=64, Order=0-3, MinObjects=0, CPUs=2, Nodes=1
[    0.000000] ftrace: allocating 39422 entries in 154 pages
[    0.004000] Hierarchical RCU implementation.
[    0.004000] 	RCU restricting CPUs from NR_CPUS=8192 to nr_cpu_ids=2.
[    0.004000] 	Tasks RCU enabled.
[    0.004000] RCU: Adjusting geometry for rcu_fanout_leaf=16, nr_cpu_ids=2
[    0.004000] NR_IRQS: 524544, nr_irqs: 440, preallocated irqs: 16
[    0.004000] Console: colour VGA+ 80x25
[    0.004000] console [tty1] enabled
[    0.004000] console [ttyS0] enabled
[    0.004000] ACPI: Core revision 20170831
[    0.004000] ACPI: 2 ACPI AML tables successfully acquired and loaded
[    0.004000] APIC: Switch to symmetric I/O mode setup
[    0.004000] x2apic enabled
[    0.004000] Switched APIC routing to physical x2apic.
[    0.004000] ..TIMER: vector=0x30 apic1=0 pin1=2 apic2=-1 pin2=-1
[    0.004000] tsc: Detected 1896.385 MHz processor
[    0.004000] Calibrating delay loop (skipped) preset value.. 3792.77 BogoMIPS (lpj=7585540)
[    0.004000] pid_max: default: 32768 minimum: 301
[    0.004000] Security Framework initialized
[    0.004000] Yama: becoming mindful.
[    0.004000] AppArmor: AppArmor initialized
[    0.004000] Dentry cache hash table entries: 131072 (order: 8, 1048576 bytes)
[    0.004000] Inode-cache hash table entries: 65536 (order: 7, 524288 bytes)
[    0.004000] Mount-cache hash table entries: 2048 (order: 2, 16384 bytes)
[    0.004028] Mountpoint-cache hash table entries: 2048 (order: 2, 16384 bytes)
[    0.012023] Last level iTLB entries: 4KB 512, 2MB 1024, 4MB 512
[    0.014338] Last level dTLB entries: 4KB 1024, 2MB 1024, 4MB 512, 1GB 0
[    0.016012] Spectre V1 : Mitigation: usercopy/swapgs barriers and __user pointer sanitization
[    0.020012] Spectre V2 : Spectre mitigation: LFENCE not serializing, switching to generic retpoline
[    0.024012] Spectre V2 : Mitigation: Full generic retpoline
[    0.028004] Spectre V2 : Spectre v2 / SpectreRSB mitigation: Filling RSB on context switch
[    0.032012] Speculative Store Bypass: Mitigation: Speculative Store Bypass disabled via prctl and seccomp
[    0.036519] Freeing SMP alternatives memory: 36K
[    0.164157] APIC calibration not consistent with PM-Timer: 104ms instead of 100ms
[    0.166995] APIC delta adjusted to PM-Timer: 6396318 (6662926)
[    0.168140] smpboot: CPU0: AMD A8-4500M APU with Radeon(tm) HD Graphics (family: 0x15, model: 0x10, stepping: 0x1)
[    0.172000] Performance Events: PMU not available due to virtualization, using software events only.
[    0.172117] Hierarchical SRCU implementation.
[    0.177334] NMI watchdog: Perf event create on CPU 0 failed with -2
[    0.180006] NMI watchdog: Perf NMI watchdog permanently disabled
[    0.182184] smp: Bringing up secondary CPUs ...
[    0.184423] x86: Booting SMP configuration:
[    0.186356] .... node  #0, CPUs:      #1
[    0.004000] kvm-clock: cpu 1, msr 0:3ff44041, secondary cpu clock
[    0.192182] smp: Brought up 1 node, 2 CPUs
[    0.193664] smpboot: Max logical packages: 1
[    0.196014] smpboot: Total of 2 processors activated (7585.54 BogoMIPS)
[    0.200006] devtmpfs: initialized
[    0.200156] x86/mm: Memory block size: 128MB
[    0.202623] evm: security.selinux
[    0.203988] evm: security.SMACK64
[    0.204000] evm: security.SMACK64EXEC
[    0.204007] evm: security.SMACK64TRANSMUTE
[    0.208020] evm: security.SMACK64MMAP
[    0.209560] evm: security.apparmor
[    0.211009] evm: security.ima
[    0.212006] evm: security.capability
[    0.216032] clocksource: jiffies: mask: 0xffffffff max_cycles: 0xffffffff, max_idle_ns: 7645041785100000 ns
[    0.216038] futex hash table entries: 512 (order: 3, 32768 bytes)
[    0.220139] pinctrl core: initialized pinctrl subsystem
[    0.222208] RTC time: 12:33:47, date: 02/06/21
[    0.224451] NET: Registered protocol family 16
[    0.226683] audit: initializing netlink subsys (disabled)
[    0.228088] audit: type=2000 audit(1612614833.314:1): state=initialized audit_enabled=0 res=1
[    0.232017] cpuidle: using governor ladder
[    0.233430] cpuidle: using governor menu
[    0.236539] ACPI: bus type PCI registered
[    0.237695] acpiphp: ACPI Hot Plug PCI Controller Driver version: 0.5
[    0.240225] PCI: Using configuration type 1 for base access
[    0.242459] PCI: Using configuration type 1 for extended access
[    0.246403] HugeTLB registered 2.00 MiB page size, pre-allocated 0 pages
[    0.252222] ACPI: Added _OSI(Module Device)
[    0.252222] ACPI: Added _OSI(Processor Device)
[    0.256004] ACPI: Added _OSI(3.0 _SCP Extensions)
[    0.256008] ACPI: Added _OSI(Processor Aggregator Device)
[    0.260027] ACPI: Added _OSI(Linux-Dell-Video)
[    0.261673] ACPI: Added _OSI(Linux-Lenovo-NV-HDMI-Audio)
[    0.264023] ACPI: Added _OSI(Linux-HPI-Hybrid-Graphics)
[    0.266276] ACPI: Executed 1 blocks of module-level executable AML code
[    0.276000] ACPI: Interpreter enabled
[    0.276000] ACPI: (supports S0 S5)
[    0.276008] ACPI: Using IOAPIC for interrupt routing
[    0.278704] PCI: Using host bridge windows from ACPI; if necessary, use "pci=nocrs" and report a bug
[    0.280332] ACPI: Enabled 2 GPEs in block 00 to 07
[    0.298838] ACPI: PCI Root Bridge [PCI0] (domain 0000 [bus 00-ff])
[    0.300015] acpi PNP0A03:00: _OSC: OS supports [ExtendedConfig ASPM ClockPM Segments MSI]
[    0.306304] acpi PNP0A03:00: _OSC: platform does not support [PCIeCapability]
[    0.308000] acpi PNP0A03:00: _OSC: not requesting control; platform does not support [PCIeCapability]
[    0.308010] acpi PNP0A03:00: _OSC: OS requested [PCIeHotplug PME AER PCIeCapability]
[    0.312006] acpi PNP0A03:00: _OSC: platform willing to grant [PCIeHotplug PME AER]
[    0.316006] acpi PNP0A03:00: _OSC failed (AE_SUPPORT); disabling ASPM
[    0.320656] PCI host bridge to bus 0000:00
[    0.323937] pci_bus 0000:00: root bus resource [io  0x0000-0x0cf7 window]
[    0.324008] pci_bus 0000:00: root bus resource [io  0x0d00-0xffff window]
[    0.326220] pci_bus 0000:00: root bus resource [mem 0x000a0000-0x000bffff window]
[    0.328006] pci_bus 0000:00: root bus resource [mem 0x40000000-0xfdffffff window]
[    0.332007] pci_bus 0000:00: root bus resource [bus 00-ff]
[    0.339046] pci 0000:00:01.1: legacy IDE quirk: reg 0x10: [io  0x01f0-0x01f7]
[    0.340007] pci 0000:00:01.1: legacy IDE quirk: reg 0x14: [io  0x03f6]
[    0.344006] pci 0000:00:01.1: legacy IDE quirk: reg 0x18: [io  0x0170-0x0177]
[    0.346360] pci 0000:00:01.1: legacy IDE quirk: reg 0x1c: [io  0x0376]
[    0.391094] pci 0000:00:07.0: quirk: [io  0x4000-0x403f] claimed by PIIX4 ACPI
[    0.392030] pci 0000:00:07.0: quirk: [io  0x4100-0x410f] claimed by PIIX4 SMB
[    0.411689] ACPI: PCI Interrupt Link [LNKA] (IRQs 5 9 10 *11)
[    0.415451] ACPI: PCI Interrupt Link [LNKB] (IRQs 5 9 *10 11)
[    0.416318] ACPI: PCI Interrupt Link [LNKC] (IRQs 5 *9 10 11)
[    0.420309] ACPI: PCI Interrupt Link [LNKD] (IRQs 5 9 10 *11)
[    0.423948] SCSI subsystem initialized
[    0.424268] pci 0000:00:02.0: vgaarb: setting as boot VGA device
[    0.427014] pci 0000:00:02.0: vgaarb: VGA device added: decodes=io+mem,owns=io+mem,locks=none
[    0.432017] pci 0000:00:02.0: vgaarb: bridge control possible
[    0.436005] vgaarb: loaded
[    0.437474] ACPI: bus type USB registered
[    0.440058] usbcore: registered new interface driver usbfs
[    0.442479] usbcore: registered new interface driver hub
[    0.444071] usbcore: registered new device driver usb
[    0.448237] EDAC MC: Ver: 3.0.0
[    0.452162] PCI: Using ACPI for IRQ routing
[    0.454434] NetLabel: Initializing
[    0.456006] NetLabel:  domain hash size = 128
[    0.457943] NetLabel:  protocols = UNLABELED CIPSOv4 CALIPSO
[    0.460047] NetLabel:  unlabeled traffic allowed by default
[    0.464231] clocksource: Switched to clocksource kvm-clock
[    0.507830] VFS: Disk quotas dquot_6.6.0
[    0.509837] VFS: Dquot-cache hash table entries: 512 (order 0, 4096 bytes)
[    0.513341] AppArmor: AppArmor Filesystem Enabled
[    0.515635] pnp: PnP ACPI init
[    0.519758] pnp: PnP ACPI: found 3 devices
[    0.541361] clocksource: acpi_pm: mask: 0xffffff max_cycles: 0xffffff, max_idle_ns: 2085701024 ns
[    0.545221] NET: Registered protocol family 2
[    0.547407] TCP established hash table entries: 8192 (order: 4, 65536 bytes)
[    0.556683] TCP bind hash table entries: 8192 (order: 5, 131072 bytes)
[    0.559957] TCP: Hash tables configured (established 8192 bind 8192)
[    0.562902] UDP hash table entries: 512 (order: 2, 16384 bytes)
[    0.565701] UDP-Lite hash table entries: 512 (order: 2, 16384 bytes)
[    0.568700] NET: Registered protocol family 1
[    0.573110] pci 0000:00:00.0: Limiting direct PCI/PCI transfers
[    0.576277] pci 0000:00:01.0: Activating ISA DMA hang workarounds
[    0.578430] pci 0000:00:02.0: Video device with shadowed ROM at [mem 0x000c0000-0x000dffff]
[    0.581501] Unpacking initramfs...
[    1.257319] Freeing initrd memory: 19224K
[    1.259310] clocksource: tsc: mask: 0xffffffffffffffff max_cycles: 0x36aba9d0516, max_idle_ns: 881590416356 ns
[    1.263705] platform rtc_cmos: registered platform RTC device (no PNP device found)
[    1.270046] Scanning for low memory corruption every 60 seconds
[    1.273854] Initialise system trusted keyrings
[    1.275891] Key type blacklist registered
[    1.277811] workingset: timestamp_bits=36 max_order=18 bucket_order=0
[    1.285746] zbud: loaded
[    1.288455] squashfs: version 4.0 (2009/01/31) Phillip Lougher
[    1.294818] fuse init (API version 7.26)
[    1.311923] Key type asymmetric registered
[    1.313904] Asymmetric key parser 'x509' registered
[    1.316087] Block layer SCSI generic (bsg) driver version 0.4 loaded (major 246)
[    1.319791] io scheduler noop registered
[    1.321643] io scheduler deadline registered
[    1.323699] io scheduler cfq registered (default)
[    1.326910] ACPI: AC Adapter [AC] (on-line)
[    1.329028] input: Power Button as /devices/LNXSYSTM:00/LNXPWRBN:00/input/input0
[    1.332774] ACPI: Power Button [PWRF]
[    1.334663] input: Sleep Button as /devices/LNXSYSTM:00/LNXSLPBN:00/input/input1
[    1.336753] ACPI: Sleep Button [SLPF]
[    1.345893] Serial: 8250/16550 driver, 32 ports, IRQ sharing enabled
[    1.351551] ACPI: Battery Slot [BAT0] (battery present)
[    1.375721] 00:02: ttyS0 at I/O 0x3f8 (irq = 4, base_baud = 115200) is a 16550A
[    1.396377] Linux agpgart interface v0.103
[    1.404455] loop: module loaded
[    1.409194] scsi host0: ata_piix
[    1.410910] scsi host1: ata_piix
[    1.412596] ata1: PATA max UDMA/33 cmd 0x1f0 ctl 0x3f6 bmdma 0xd000 irq 14
[    1.414903] ata2: PATA max UDMA/33 cmd 0x170 ctl 0x376 bmdma 0xd008 irq 15
[    1.418025] libphy: Fixed MDIO Bus: probed
[    1.419924] tun: Universal TUN/TAP device driver, 1.6
[    1.422042] PPP generic driver version 2.4.2
[    1.423859] ehci_hcd: USB 2.0 'Enhanced' Host Controller (EHCI) Driver
[    1.426253] ehci-pci: EHCI PCI platform driver
[    1.427950] ehci-platform: EHCI generic platform driver
[    1.429936] ohci_hcd: USB 1.1 'Open' Host Controller (OHCI) Driver
[    1.432026] ohci-pci: OHCI PCI platform driver
[    1.433961] ohci-platform: OHCI generic platform driver
[    1.435853] uhci_hcd: USB Universal Host Controller Interface driver
[    1.438242] i8042: PNP: PS/2 Controller [PNP0303:PS2K,PNP0f03:PS2M] at 0x60,0x64 irq 1,12
[    1.442037] serio: i8042 KBD port at 0x60,0x64 irq 1
[    1.443906] serio: i8042 AUX port at 0x60,0x64 irq 12
[    1.446196] mousedev: PS/2 mouse device common for all mice
[    1.449932] input: AT Translated Set 2 keyboard as /devices/platform/i8042/serio0/input/input2
[    1.452468] rtc_cmos rtc_cmos: rtc core: registered rtc_cmos as rtc0
[    1.455842] rtc_cmos rtc_cmos: alarms up to one day, 114 bytes nvram
[    1.458143] i2c /dev entries driver
[    1.459550] device-mapper: uevent: version 1.0.3
[    1.461512] device-mapper: ioctl: 4.37.0-ioctl (2017-09-20) initialised: dm-devel@redhat.com
[    1.464490] ledtrig-cpu: registered to indicate activity on CPUs
[    1.467635] x86/pm: family 0x15 cpu detected, MSR saving is needed during suspending.
[    1.470628] NET: Registered protocol family 10
[    1.482998] Segment Routing with IPv6
[    1.484840] NET: Registered protocol family 17
[    1.487294] Key type dns_resolver registered
[    1.490124] mce: Using 0 MCE banks
[    1.491517] RAS: Correctable Errors collector initialized.
[    1.493756] sched_clock: Marking stable (1493661798, 0)->(1836918258, -343256460)
[    1.497751] registered taskstats version 1
[    1.499907] Loading compiled-in X.509 certificates
[    1.508621] Loaded X.509 cert 'Build time autogenerated kernel key: 399a566a2ea98257ce6f7132c633527e9761cd56'
[    1.512260] zswap: loaded using pool lzo/zbud
[    1.523575] Key type big_key registered
[    1.525205] Key type trusted registered
[    1.531077] Key type encrypted registered
[    1.533562] AppArmor: AppArmor sha1 policy hashing enabled
[    1.536053] ima: No TPM chip found, activating TPM-bypass! (rc=-19)
[    1.538943] ima: Allocated hash algorithm: sha1
[    1.540883] evm: HMAC attrs: 0x1
[    1.542523]   Magic number: 9:725:581
[    1.544182] rtc_cmos rtc_cmos: setting system clock to 2021-02-06 12:33:48 UTC (1612614828)
[    1.547716] BIOS EDD facility v0.16 2004-Jun-25, 0 devices found
[    1.550650] EDD information not available.
[    1.613993] Freeing unused kernel image memory: 2440K
[    1.624194] Write protecting the kernel read-only data: 20480k
[    1.629881] Freeing unused kernel image memory: 2008K
[    1.634115] Freeing unused kernel image memory: 1868K
[    1.658162] x86/mm: Checked W+X mappings: passed, no W+X pages found.
Loading, please wait...
starting version 237
[    1.836771] Fusion MPT base driver 3.04.20
[    1.836937] e1000: Intel(R) PRO/1000 Network Driver - version 7.3.21-k8-NAPI
[    1.838542] Copyright (c) 1999-2008 LSI Corporation
[    1.841223] e1000: Copyright (c) 1999-2006 Intel Corporation.
[    1.867402] Fusion MPT SPI Host driver 3.04.20
[    1.917530] AVX version of gcm_enc/dec engaged.
[    1.919704] AES CTR mode by8 optimization enabled
[    2.064106] input: ImExPS/2 Generic Explorer Mouse as /devices/platform/i8042/serio1/input/input4
[    2.313592] e1000 0000:00:03.0 eth0: (PCI:33MHz:32-bit) 02:ed:54:94:72:f1
[    2.316780] e1000 0000:00:03.0 eth0: Intel(R) PRO/1000 Network Connection
[    2.322045] mptbase: ioc0: Initiating bringup
[    2.323357] e1000 0000:00:03.0 enp0s3: renamed from eth0
[    3.117206] ioc0: LSI53C1030 A0: Capabilities={Initiator}
[    3.364523] scsi host2: ioc0: LSI53C1030 A0, FwRev=00000000h, Ports=1, MaxQ=256, IRQ=20
[    3.537567] scsi 2:0:0:0: Direct-Access     VBOX     HARDDISK         1.0  PQ: 0 ANSI: 5
[    4.112458] scsi target2:0:0: Beginning Domain Validation
[    4.117662] scsi target2:0:0: Domain Validation skipping write tests
[    4.120207] scsi target2:0:0: Ending Domain Validation
[    4.122421] scsi target2:0:0: asynchronous
[    4.125150] scsi 2:0:1:0: Direct-Access     VBOX     HARDDISK         1.0  PQ: 0 ANSI: 5
[    4.260294] scsi target2:0:1: Beginning Domain Validation
[    4.264505] random: fast init done
[    4.267971] scsi target2:0:1: Domain Validation skipping write tests
[    4.270434] scsi target2:0:1: Ending Domain Validation
[    4.272697] scsi target2:0:1: asynchronous
[    4.283251] random: systemd-udevd: uninitialized urandom read (16 bytes read)
[    4.283658] sd 2:0:0:0: Attached scsi generic sg0 type 0
[    4.286342] random: systemd-udevd: uninitialized urandom read (16 bytes read)
[    4.289268] sd 2:0:1:0: [sdb] 20480 512-byte logical blocks: (10.5 MB/10.0 MiB)
[    4.291059] random: systemd-udevd: uninitialized urandom read (16 bytes read)
[    4.296054] sd 2:0:1:0: Attached scsi generic sg1 type 0
[    4.301434] sd 2:0:1:0: [sdb] Write Protect is off
[    4.301621] sd 2:0:0:0: [sda] 83886080 512-byte logical blocks: (42.9 GB/40.0 GiB)
[    4.303599] sd 2:0:0:0: [sda] Write Protect is off
[    4.309355] sd 2:0:1:0: [sdb] Incomplete mode parameter data
[    4.309457] sd 2:0:0:0: [sda] Incomplete mode parameter data
[    4.311816] sd 2:0:1:0: [sdb] Assuming drive cache: write through
[    4.313897] sd 2:0:0:0: [sda] Assuming drive cache: write through
[    4.341360]  sda: sda1
[    4.344784] sd 2:0:0:0: [sda] Attached SCSI disk
[    4.355297] sd 2:0:1:0: [sdb] Attached SCSI disk
Begin: Loading essential drivers ... [    6.808145] raid6: sse2x1   gen()  2994 MB/s
[    6.856144] raid6: sse2x1   xor()  2003 MB/s
[    6.907924] raid6: sse2x2   gen()  5107 MB/s
[    6.956163] raid6: sse2x2   xor()  2698 MB/s
[    7.004171] raid6: sse2x4   gen()  4809 MB/s
[    7.052162] raid6: sse2x4   xor()  2641 MB/s
[    7.053821] raid6: using algorithm sse2x2 gen() 5107 MB/s
[    7.055620] raid6: .... xor() 2698 MB/s, rmw enabled
[    7.057406] raid6: using ssse3x2 recovery algorithm
[    7.061703] xor: automatically using best checksumming function   avx       
[    7.067644] async_tx: api initialized (async)
done.
Begin: Running /scripts/init-premount ... done.
Begin: Mounting root file system ... Begin: Running /scripts/local-top ... done.
Begin: Running /scripts/local-premount ... [    7.195421] Btrfs loaded, crc32c=crc32c-intel
Scanning for Btrfs filesystems
done.
Warning: fsck not present, so skipping root file system
[    7.360301] EXT4-fs (sda1): mounted filesystem with ordered data mode. Opts: (null)
done.
Begin: Running /scripts/local-bottom ... done.
Begin: Running /scripts/init-bottom ... done.
[    8.265606] ip_tables: (C) 2000-2006 Netfilter Core Team
[    8.346547] systemd[1]: systemd 237 running in system mode. (+PAM +AUDIT +SELINUX +IMA +APPARMOR +SMACK +SYSVINIT +UTMP +LIBCRYPTSETUP +GCRYPT +GNUTLS +ACL +XZ +LZ4 +SECCOMP +BLKID +ELFUTILS +KMOD -IDN2 +IDN -PCRE2 default-hierarchy=hybrid)
[    8.358201] systemd[1]: Detected virtualization oracle.
[    8.360675] systemd[1]: Detected architecture x86-64.

Welcome to [1mUbuntu 18.04.5 LTS[0m!

[    8.393439] systemd[1]: Set hostname to <ubuntu>.
[    8.423701] systemd[1]: Initializing machine ID from random generator.
[    8.427715] systemd[1]: Installed transient /etc/machine-id file.
[    9.570812] systemd[1]: Created slice System Slice.
[[0;32m  OK  [0m] Created slice System Slice.
[    9.574536] systemd[1]: Listening on Journal Socket.
[[0;32m  OK  [0m] Listening on Journal Socket.
[    9.577474] systemd[1]: Reached target System Time Synchronized.
[[0;32m  OK  [0m] Reached target System Time Synchronized.
[    9.582681] systemd[1]: Mounting POSIX Message Queue File System...
         Mounting POSIX Message Queue File System...
[[0;32m  OK  [0m] Listening on Network Service Netlink Socket.
[[0;32m  OK  [0m] Set up automount Arbitrary Executab…rmats File System Automount Point.
[[0;32m  OK  [0m] Reached target Swap.
[[0;32m  OK  [0m] Listening on udev Kernel Socket.
[    9.596254] random: crng init done
[    9.597853] random: 7 urandom warning(s) missed due to ratelimiting
         Starting Load Kernel Modules...
[[0;32m  OK  [0m] Listening on /dev/initctl Compatibility Named Pipe.
[[0;32m  OK  [0m] Listening on udev Control Socket.
[[0;32m  OK  [0m] Reached target User and Group Name Lookups.
[[0;32m  OK  [0m] Listening on LVM2 poll daemon socket.
[[0;32m  OK  [0m] Listening on LVM2 metadata daemon socket.
         Mounting Huge Pages File System...
         Mounting Kernel Debug File System...
         Starting Remount Root and Kernel File Systems...
         Starting Uncomplicated firewall...
         Starting udev Coldplug all Devices...
         Starting Create list of required st…ce nodes for the current kernel...
         Starting Set the console keyboard layout...
[[0;32m  OK  [0m] Listening on Syslog Socket.
[[0;32m  OK  [0m] Listening on Journal Socket (/dev/log).
[    9.700189] Loading iSCSI transport class v2.0-870.
[[0;32m  OK  [0m] Listening on Journal Audit Socket.
         Starting Journal Service...
[[0;32m  OK  [0m] Listening on Device-mapper event daemon FIFOs.
         Starting Monitoring of LVM2 mirrors…ng dmeventd or progress polling...
[[0;32m  OK  [0m] Created slice User and Session Slice.
[[0;32m  OK  [0m] Reached target Slices.
[[0;32m  OK  [0m] Started Forward Password Requests to Wall Directory Watch.
[[0;32m  OK  [0m] Created slice system-serial\x2dgetty.slice.
[[0;32m  OK  [0m] Mounted POSIX Message Queue File System.
[[0;32m  OK  [0m] Mounted Huge Pages File System.
[[0;32m  OK  [0m] Mounted Kernel Debug File System.
[[0;32m  OK  [0m] Started Uncomplicated firewall.
[[0;32m  OK  [0m] Started Create list of required sta…vice nodes for the current kernel.
         Starting Create Static Device Nodes in /dev...
[    9.870057] iscsi: registered transport (tcp)
[[0;32m  OK  [0m] Started Journal Service.
[[0;32m  OK  [0m] Started udev Coldplug all Devices.
[    9.963670] EXT4-fs (sda1): re-mounted. Opts: (null)
[[0;32m  OK  [0m] Started Remount Root and Kernel File Systems.
         Starting Flush Journal to Persistent Storage...
         Starting Load/Save Random Seed...
[   10.107075] systemd-journald[410]: Received request to flush runtime journal from PID 1
[[0;32m  OK  [0m] Started Load/Save Random Seed.
[[0;32m  OK  [0m] Started LVM2 metadata daemon.
[   10.312930] iscsi: registered transport (iser)
[[0;32m  OK  [0m] Started Load Kernel Modules.
         Mounting FUSE Control File System...
         Starting Apply Kernel Variables...
         Mounting Kernel Configuration File System...
[[0;32m  OK  [0m] Mounted FUSE Control File System.
[[0;32m  OK  [0m] Mounted Kernel Configuration File System.
[[0;32m  OK  [0m] Started Create Static Device Nodes in /dev.
         Starting udev Kernel Device Manager...
[[0;32m  OK  [0m] Started Set the console keyboard layout.
[[0;32m  OK  [0m] Started Flush Journal to Persistent Storage.
[[0;32m  OK  [0m] Started Monitoring of LVM2 mirrors,…sing dmeventd or progress polling.
[[0;32m  OK  [0m] Started udev Kernel Device Manager.
[[0;32m  OK  [0m] Started Dispatch Password Requests to Console Directory Watch.
[[0;32m  OK  [0m] Reached target Local Encrypted Volumes.
[[0;32m  OK  [0m] Reached target Local File Systems (Pre).
[[0;32m  OK  [0m] Reached target Local File Systems.
         Starting Commit a transient machine-id on disk...
         Starting Tell Plymouth To Write Out Runtime Data...
         Starting Create Volatile Files and Directories...
         Starting ebtables ruleset management...
         Starting AppArmor initialization...
         Starting Set console font and keymap...
[[0;32m  OK  [0m] Started Apply Kernel Variables.
[[0;32m  OK  [0m] Started Tell Plymouth To Write Out Runtime Data.
[[0;32m  OK  [0m] Started Create Volatile Files and Directories.
         Starting Update UTMP about System Boot/Shutdown...
[[0;32m  OK  [0m] Started Set console font and keymap.
[[0;32m  OK  [0m] Started Update UTMP about System Boot/Shutdown.
[[0;32m  OK  [0m] Started Commit a transient machine-id on disk.
[[0;32m  OK  [0m] Started ebtables ruleset management.
[[0;32m  OK  [0m] Found device /dev/ttyS0.
[[0;32m  OK  [0m] Listening on Load/Save RF Kill Switch Status /dev/rfkill Watch.
[[0;32m  OK  [0m] Started AppArmor initialization.
         Starting Load AppArmor profiles managed internally by snapd...
         Starting Initial cloud-init job (pre-networking)...
[[0;32m  OK  [0m] Started Load AppArmor profiles managed internally by snapd.
[   18.729910] cloud-init[563]: Cloud-init v. 20.4.1-0ubuntu1~18.04.1 running 'init-local' at Sat, 06 Feb 2021 12:34:04 +0000. Up 17.70 seconds.
[[0;32m  OK  [0m] Started Initial cloud-init job (pre-networking).
[[0;32m  OK  [0m] Reached target Network (Pre).
         Starting Network Service...
[[0;32m  OK  [0m] Started Network Service.
         Starting Network Name Resolution...
         Starting Wait for Network to be Configured...
[[0;32m  OK  [0m] Started Network Name Resolution.
[[0;32m  OK  [0m] Reached target Network.
[[0;32m  OK  [0m] Reached target Host and Network Name Lookups.
[[0;32m  OK  [0m] Started Wait for Network to be Configured.
         Starting Initial cloud-init job (metadata service crawler)...
[   22.839777] cloud-init[664]: Cloud-init v. 20.4.1-0ubuntu1~18.04.1 running 'init' at Sat, 06 Feb 2021 12:34:09 +0000. Up 22.33 seconds.
[   22.843253] cloud-init[664]: ci-info: ++++++++++++++++++++++++++++++++++++++Net device info++++++++++++++++++++++++++++++++++++++
[   22.848635] cloud-init[664]: ci-info: +--------+------+----------------------------+---------------+--------+-------------------+
[   22.851847] cloud-init[664]: ci-info: | Device |  Up  |          Address           |      Mask     | Scope  |     Hw-Address    |
[   22.854328] cloud-init[664]: ci-info: +--------+------+----------------------------+---------------+--------+-------------------+
[   22.857149] cloud-init[664]: ci-info: | enp0s3 | True |         10.0.2.15          | 255.255.255.0 | global | 02:ed:54:94:72:f1 |
[   22.859529] cloud-init[664]: ci-info: | enp0s3 | True | fe80::ed:54ff:fe94:72f1/64 |       .       |  link  | 02:ed:54:94:72:f1 |
[   22.862052] cloud-init[664]: ci-info: |   lo   | True |         127.0.0.1          |   255.0.0.0   |  host  |         .         |
[   22.864513] cloud-init[664]: ci-info: |   lo   | True |          ::1/128           |       .       |  host  |         .         |
[   22.867213] cloud-init[664]: ci-info: +--------+------+----------------------------+---------------+--------+-------------------+
[   22.869625] cloud-init[664]: ci-info: ++++++++++++++++++++++++++++Route IPv4 info+++++++++++++++++++++++++++++
[   22.880621] cloud-init[664]: ci-info: +-------+-------------+----------+-----------------+-----------+-------+
[   22.882973] cloud-init[664]: ci-info: | Route | Destination | Gateway  |     Genmask     | Interface | Flags |
[   22.885741] cloud-init[664]: ci-info: +-------+-------------+----------+-----------------+-----------+-------+
[   22.888150] cloud-init[664]: ci-info: |   0   |   0.0.0.0   | 10.0.2.2 |     0.0.0.0     |   enp0s3  |   UG  |
[   22.890689] cloud-init[664]: ci-info: |   1   |   10.0.2.0  | 0.0.0.0  |  255.255.255.0  |   enp0s3  |   U   |
[   22.892791] cloud-init[664]: ci-info: |   2   |   10.0.2.2  | 0.0.0.0  | 255.255.255.255 |   enp0s3  |   UH  |
[   22.894624] cloud-init[664]: ci-info: +-------+-------------+----------+-----------------+-----------+-------+
[   22.896897] cloud-init[664]: ci-info: +++++++++++++++++++Route IPv6 info+++++++++++++++++++
[   22.908446] cloud-init[664]: ci-info: +-------+-------------+---------+-----------+-------+
[   22.910717] cloud-init[664]: ci-info: | Route | Destination | Gateway | Interface | Flags |
[   22.913239] cloud-init[664]: ci-info: +-------+-------------+---------+-----------+-------+
[   22.916506] cloud-init[664]: ci-info: |   1   |  fe80::/64  |    ::   |   enp0s3  |   U   |
[   22.918488] cloud-init[664]: ci-info: |   3   |    local    |    ::   |   enp0s3  |   U   |
[   22.920463] cloud-init[664]: ci-info: |   4   |   ff00::/8  |    ::   |   enp0s3  |   U   |
[   22.922491] cloud-init[664]: ci-info: +-------+-------------+---------+-----------+-------+
[   25.717917] cloud-init[664]: Generating public/private rsa key pair.
[   25.719864] cloud-init[664]: Your identification has been saved in /etc/ssh/ssh_host_rsa_key.
[   25.722073] cloud-init[664]: Your public key has been saved in /etc/ssh/ssh_host_rsa_key.pub.
[   25.724044] cloud-init[664]: The key fingerprint is:
[   25.725775] cloud-init[664]: SHA256:mEzcoq7v0ma7QcUuYCBRcOfLmC45G8lFth4xmTuoKQc root@ubuntu-bionic
[   25.732686] cloud-init[664]: The key's randomart image is:
[   25.734153] cloud-init[664]: +---[RSA 2048]----+
[   25.735990] cloud-init[664]: |=+o .            |
[   25.737471] cloud-init[664]: |.o ooo .         |
[   25.738741] cloud-init[664]: |  oB. * .        |
[   25.739888] cloud-init[664]: | .+==B +         |
[   25.741230] cloud-init[664]: |E.o** = S        |
[   25.742431] cloud-init[664]: |o*ooo.           |
[   25.743649] cloud-init[664]: |X.ooo            |
[   25.744947] cloud-init[664]: |.*..+.           |
[   25.746197] cloud-init[664]: |. .*=o           |
[   25.747778] cloud-init[664]: +----[SHA256]-----+
[   25.749102] cloud-init[664]: Generating public/private dsa key pair.
[   25.750624] cloud-init[664]: Your identification has been saved in /etc/ssh/ssh_host_dsa_key.
[   25.752493] cloud-init[664]: Your public key has been saved in /etc/ssh/ssh_host_dsa_key.pub.
[   25.754312] cloud-init[664]: The key fingerprint is:
[   25.755544] cloud-init[664]: SHA256:677gdQsuCOyO8m0cWYAl3I9tWwb5H3YcmfD+c/5isyE root@ubuntu-bionic
[   25.757218] cloud-init[664]: The key's randomart image is:
[   25.758594] cloud-init[664]: +---[DSA 1024]----+
[   25.760037] cloud-init[664]: | ..+.  .  .. o   |
[   25.772578] cloud-init[664]: |  o.o o    .+    |
[   25.774058] cloud-init[664]: |     = o   ...   |
[   25.775566] cloud-init[664]: |    . = + o.o    |
[   25.777230] cloud-init[664]: | .   + +So o.    |
[   25.778704] cloud-init[664]: |  o o .  ..  .   |
[   25.780234] cloud-init[664]: | . o o. + . E + .|
[   25.781607] cloud-init[664]: |....+..= o . .+= |
[   25.783193] cloud-init[664]: |ooo.. .o=..  ..++|
[   25.784819] cloud-init[664]: +----[SHA256]-----+
[   25.786056] cloud-init[664]: Generating public/private ecdsa key pair.
[   25.787603] cloud-init[664]: Your identification has been saved in /etc/ssh/ssh_host_ecdsa_key.
[   25.790145] cloud-init[664]: Your public key has been saved in /etc/ssh/ssh_host_ecdsa_key.pub.
[   25.792585] cloud-init[664]: The key fingerprint is:
[   25.793811] cloud-init[664]: SHA256:3tKZLoMkTo3Se7mKSTQidtCnyn5Gk0EUfxPOzKLnemQ root@ubuntu-bionic
[   25.795717] cloud-init[664]: The key's randomart image is:
[   25.797170] cloud-init[664]: +---[ECDSA 256]---+
[   25.798436] cloud-init[664]: |  .o.  .         |
[   25.799811] cloud-init[664]: |  ... = .        |
[   25.800914] cloud-init[664]: | ... + B         |
[   25.802165] cloud-init[664]: |  ..+ o .        |
[   25.803397] cloud-init[664]: |o.o=o+  S        |
[   25.804725] cloud-init[664]: |+o+=BEo. o o     |
[   25.806405] cloud-init[664]: | oo++= oo =      |
[   25.807693] cloud-init[664]: |.. =+.+ oo       |
[   25.809054] cloud-init[664]: | .=.oo.. o.      |
[   25.810289] cloud-init[664]: +----[SHA256]-----+
[   25.811740] cloud-init[664]: Generating public/private ed25519 key pair.
[   25.813378] cloud-init[664]: Your identification has been saved in /etc/ssh/ssh_host_ed25519_key.
[   25.815493] cloud-init[664]: Your public key has been saved in /etc/ssh/ssh_host_ed25519_key.pub.
[   25.818029] cloud-init[664]: The key fingerprint is:
[   25.819462] cloud-init[664]: SHA256:HaKiEut5Of2WhKk/5hk7LfgDzi0F2NHcZGQp8oPXP9U root@ubuntu-bionic
[   25.821638] cloud-init[664]: The key's randomart image is:
[   25.823232] cloud-init[664]: +--[ED25519 256]--+
[   25.824726] cloud-init[664]: |    o +=.        |
[   25.826080] cloud-init[664]: |   o +oo         |
[   25.827590] cloud-init[664]: |  o = o . . .    |
[   25.829051] cloud-init[664]: | . + + o o o E   |
[   25.830416] cloud-init[664]: |.   + = S o      |
[   25.831735] cloud-init[664]: | o o = . o       |
[   25.833319] cloud-init[664]: |o + O.o . .      |
[   25.844530] cloud-init[664]: |...X O++         |
[   25.846578] cloud-init[664]: | o. B*B.         |
[   25.849318] cloud-init[664]: +----[SHA256]-----+
[[0;32m  OK  [0m] Started Initial cloud-init job (metadata service crawler).
[[0;32m  OK  [0m] Reached target Network is Online.
[[0;32m  OK  [0m] Reached target Remote File Systems (Pre).
[[0;32m  OK  [0m] Reached target Remote File Systems.
         Starting Availability of block devices...
[[0;32m  OK  [0m] Reached target Cloud-config availability.
[[0;32m  OK  [0m] Reached target System Initialization.
[[0;32m  OK  [0m] Started Daily Cleanup of Temporary Directories.
[[0;32m  OK  [0m] Started Discard unused blocks once a week.
[[0;32m  OK  [0m] Listening on UUID daemon activation socket.
[[0;32m  OK  [0m] Started Message of the Day.
         Starting LXD - unix socket.
[[0;32m  OK  [0m] Listening on ACPID Listen Socket.
[[0;32m  OK  [0m] Listening on Open-iSCSI iscsid Socket.
[[0;32m  OK  [0m] Started Daily apt download activities.
[[0;32m  OK  [0m] Started Daily apt upgrade and clean activities.
[[0;32m  OK  [0m] Reached target Timers.
[[0;32m  OK  [0m] Started ACPI Events Check.
[[0;32m  OK  [0m] Listening on D-Bus System Message Bus Socket.
         Starting Socket activation for snappy daemon.
[[0;32m  OK  [0m] Reached target Paths.
[[0;32m  OK  [0m] Started Availability of block devices.
[[0;32m  OK  [0m] Listening on LXD - unix socket.
[[0;32m  OK  [0m] Listening on Socket activation for snappy daemon.
[[0;32m  OK  [0m] Reached target Sockets.
[[0;32m  OK  [0m] Reached target Basic System.
         Starting Accounts Service...
         Starting LXD - container startup/shutdown...
         Starting Permit User Sessions...
[[0;32m  OK  [0m] Started FUSE filesystem for LXC.
         Starting System Logging Service...
         Starting Dispatcher daemon for systemd-networkd...
         Starting Pollinate to seed the pseudo random number generator...
         Starting Login Service...
         Starting Virtualbox guest utils...
         Starting LSB: Record successful boot for GRUB...
[[0;32m  OK  [0m] Started irqbalance daemon.
         Starting LSB: automatic crash report generation...
[[0;32m  OK  [0m] Started D-Bus System Message Bus.
         Starting Snap Daemon...
[[0;32m  OK  [0m] Started Regular background program processing daemon.
[[0;32m  OK  [0m] Started Deferred execution scheduler.
[[0;32m  OK  [0m] Started System Logging Service.
[[0;32m  OK  [0m] Started Permit User Sessions.
[[0;32m  OK  [0m] Started Login Service.
         Starting Authorization Manager...
[[0;32m  OK  [0m] Started Unattended Upgrades Shutdown.
         Starting Terminate Plymouth Boot Screen...
         Starting Hold until boot process finishes up...
[[0;32m  OK  [0m] Started Hold until boot process finishes up.
[[0;32m  OK  [0m] Started Terminate Plymouth Boot Screen.
[[0;32m  OK  [0m] Started Serial Getty on ttyS0.
         Starting Set console scheme...
[[0;32m  OK  [0m] Started Set console scheme.
[[0;32m  OK  [0m] Created slice system-getty.slice.
[[0;32m  OK  [0m] Started Getty on tty1.
[[0;32m  OK  [0m] Reached target Login Prompts.
[[0;32m  OK  [0m] Started LSB: automatic crash report generation.
[[0;32m  OK  [0m] Started LSB: Record successful boot for GRUB.
[[0;32m  OK  [0m] Started Authorization Manager.
[[0;32m  OK  [0m] Started Accounts Service.
[[0;32m  OK  [0m] Started Virtualbox guest utils.
[[0;32m  OK  [0m] Started Dispatcher daemon for systemd-networkd.
[[0;32m  OK  [0m] Started LXD - container startup/shutdown.
[[0;32m  OK  [0m] Started Snap Daemon.
         Starting Wait until snapd is fully seeded...
[[0;32m  OK  [0m] Started Pollinate to seed the pseudo random number generator.
         Starting OpenBSD Secure Shell server...
[[0;32m  OK  [0m] Started OpenBSD Secure Shell server.
[[0;32m  OK  [0m] Created slice User Slice of vagrant.
         Starting User Manager for UID 1000...
[[0;32m  OK  [0m] Started Session 1 of user vagrant.
[[0;32m  OK  [0m] Started Wait until snapd is fully seeded.
         Starting Apply the settings specified in cloud-config...
[[0;32m  OK  [0m] Reached target Multi-User System.
[[0;32m  OK  [0m] Reached target Graphical Interface.
         Starting Update UTMP about System Runlevel Changes...
[[0;32m  OK  [0m] Started Update UTMP about System Runlevel Changes.

Ubuntu 18.04.5 LTS ubuntu-bionic ttyS0

ubuntu-bionic login: [   36.600115] cloud-init[1161]: Cloud-init v. 20.4.1-0ubuntu1~18.04.1 running 'modules:config' at Sat, 06 Feb 2021 12:34:20 +0000. Up 33.72 seconds.
ci-info: no authorized SSH keys fingerprints found for user ubuntu.
<14>Feb  6 12:34:26 ec2: 
<14>Feb  6 12:34:26 ec2: #############################################################
<14>Feb  6 12:34:26 ec2: -----BEGIN SSH HOST KEY FINGERPRINTS-----
<14>Feb  6 12:34:26 ec2: 1024 SHA256:677gdQsuCOyO8m0cWYAl3I9tWwb5H3YcmfD+c/5isyE root@ubuntu-bionic (DSA)
<14>Feb  6 12:34:26 ec2: 256 SHA256:3tKZLoMkTo3Se7mKSTQidtCnyn5Gk0EUfxPOzKLnemQ root@ubuntu-bionic (ECDSA)
<14>Feb  6 12:34:26 ec2: 256 SHA256:HaKiEut5Of2WhKk/5hk7LfgDzi0F2NHcZGQp8oPXP9U root@ubuntu-bionic (ED25519)
<14>Feb  6 12:34:26 ec2: 2048 SHA256:mEzcoq7v0ma7QcUuYCBRcOfLmC45G8lFth4xmTuoKQc root@ubuntu-bionic (RSA)
<14>Feb  6 12:34:26 ec2: -----END SSH HOST KEY FINGERPRINTS-----
<14>Feb  6 12:34:26 ec2: #############################################################
-----BEGIN SSH HOST KEY KEYS-----
ecdsa-sha2-nistp256 AAAAE2VjZHNhLXNoYTItbmlzdHAyNTYAAAAIbmlzdHAyNTYAAABBBNSoYzrvNDPtWqpG5hu3BRfZu1PaKxpRl0ir7SNS7Ig3cJegA0XX+XVSe49G+rV0TGoxdrb6OReVJToxvIqKygA= root@ubuntu-bionic
ssh-ed25519 AAAAC3NzaC1lZDI1NTE5AAAAIC8ZjaEoxLBlr7gAxd4Kyr3XJieRnCNve8x/7YGNj+UK root@ubuntu-bionic
ssh-rsa AAAAB3NzaC1yc2EAAAADAQABAAABAQC4dM55kcUWOF41uZRJxQHAIyuJIOmCHomuJfjMCrH18gfyYVFjWg+V276SkCFpk/q7WHScxvoHI0M9QbPpVGumrX3nMlCBOJNap3OBBaf2xFprxlhY4PGJdqEHD8ENYORZlqZ67eWNNbJVZNF9oofpifKlRnG6Tpz7A+Fzq0dkQjOfkcPAB7NpS0GFqWC2gqPClzhCAnaw7OStjik740h8v2G5mPeoqj/O3XkyfZmqjWupUO/CDmUbN4ZL3n+M84rsOwqLtHwzRBlSDnui9yYRAarKS0XN7FV5IoOz8szR8/VuMGJdOWBSAYDB3X/7/JROfuInZCjFdb/CStzt8gBZ root@ubuntu-bionic
-----END SSH HOST KEY KEYS-----
[   39.610375] cloud-init[1271]: Cloud-init v. 20.4.1-0ubuntu1~18.04.1 running 'modules:final' at Sat, 06 Feb 2021 12:34:25 +0000. Up 38.41 seconds.
[   39.614162] cloud-init[1271]: ci-info: no authorized SSH keys fingerprints found for user ubuntu.
[   39.620599] cloud-init[1271]: Cloud-init v. 20.4.1-0ubuntu1~18.04.1 finished at Sat, 06 Feb 2021 12:34:26 +0000. Datasource DataSourceNoCloud [seed=/dev/sdb][dsmode=net].  Up 39.46 seconds
